<?xml version="1.0" encoding="UTF-8"?>
<testsuite name="com.virtualrealm.our.gameMarketPlaces.GamesStoreApplicationTests" tests="1" skipped="0" failures="0" errors="0" timestamp="2024-12-08T13:48:57" hostname="VINSMOKE" time="0.477">
  <properties/>
  <testcase name="contextLoads()" classname="com.virtualrealm.our.gameMarketPlaces.GamesStoreApplicationTests" time="0.477"/>
  <system-out><![CDATA[
  .   ____          _            __ _ _
 /\\ / ___'_ __ _ _(_)_ __  __ _ \ \ \ \
( ( )\___ | '_ | '_| | '_ \/ _` | \ \ \ \
 \\/  ___)| |_)| | | | | || (_| |  ) ) ) )
  '  |____| .__|_| |_|_| |_\__, | / / / /
 =========|_|==============|___/=/_/_/_/

 :: Spring Boot ::                (v3.3.5)

2024-12-08T20:48:50.291+07:00  INFO 14056 --- [GamesStore] [    Test worker] c.v.o.g.GamesStoreApplicationTests       : Starting GamesStoreApplicationTests using Java 21.0.1 with PID 14056 (started by Lisvi in D:\our-gameMarketPlaces\our-gameMarketPlaces)
2024-12-08T20:48:50.295+07:00  INFO 14056 --- [GamesStore] [    Test worker] c.v.o.g.GamesStoreApplicationTests       : The following 1 profile is active: "local"
2024-12-08T20:48:50.340+07:00 DEBUG 14056 --- [GamesStore] [    Test worker] o.s.w.c.s.GenericWebApplicationContext   : Refreshing org.springframework.web.context.support.GenericWebApplicationContext@425d5d46
2024-12-08T20:48:51.635+07:00  INFO 14056 --- [GamesStore] [    Test worker] .s.d.r.c.RepositoryConfigurationDelegate : Bootstrapping Spring Data JPA repositories in DEFAULT mode.
2024-12-08T20:48:51.734+07:00  INFO 14056 --- [GamesStore] [    Test worker] .s.d.r.c.RepositoryConfigurationDelegate : Finished Spring Data repository scanning in 92 ms. Found 8 JPA repository interfaces.
2024-12-08T20:48:52.473+07:00  INFO 14056 --- [GamesStore] [    Test worker] o.hibernate.jpa.internal.util.LogHelper  : HHH000204: Processing PersistenceUnitInfo [name: default]
2024-12-08T20:48:52.547+07:00  INFO 14056 --- [GamesStore] [    Test worker] org.hibernate.Version                    : HHH000412: Hibernate ORM core version 6.5.3.Final
2024-12-08T20:48:52.591+07:00  INFO 14056 --- [GamesStore] [    Test worker] o.h.c.internal.RegionFactoryInitiator    : HHH000026: Second-level cache disabled
2024-12-08T20:48:52.942+07:00  INFO 14056 --- [GamesStore] [    Test worker] o.s.o.j.p.SpringPersistenceUnitInfo      : No LoadTimeWeaver setup: ignoring JPA class transformer
2024-12-08T20:48:52.972+07:00  INFO 14056 --- [GamesStore] [    Test worker] com.zaxxer.hikari.HikariDataSource       : HikariPool-1 - Starting...
2024-12-08T20:48:53.366+07:00  INFO 14056 --- [GamesStore] [    Test worker] com.zaxxer.hikari.pool.HikariPool        : HikariPool-1 - Added connection com.mysql.cj.jdbc.ConnectionImpl@8ce4320
2024-12-08T20:48:53.367+07:00  INFO 14056 --- [GamesStore] [    Test worker] com.zaxxer.hikari.HikariDataSource       : HikariPool-1 - Start completed.
2024-12-08T20:48:53.415+07:00  WARN 14056 --- [GamesStore] [    Test worker] org.hibernate.orm.deprecation            : HHH90000025: MySQL8Dialect does not need to be specified explicitly using 'hibernate.dialect' (remove the property setting and it will be selected by default)
2024-12-08T20:48:53.416+07:00  WARN 14056 --- [GamesStore] [    Test worker] org.hibernate.orm.deprecation            : HHH90000026: MySQL8Dialect has been deprecated; use org.hibernate.dialect.MySQLDialect instead
2024-12-08T20:48:54.372+07:00  INFO 14056 --- [GamesStore] [    Test worker] o.h.e.t.j.p.i.JtaPlatformInitiator       : HHH000489: No JTA platform available (set 'hibernate.transaction.jta.platform' to enable JTA platform integration)
2024-12-08T20:48:54.483+07:00  INFO 14056 --- [GamesStore] [    Test worker] j.LocalContainerEntityManagerFactoryBean : Initialized JPA EntityManagerFactory for persistence unit 'default'
2024-12-08T20:48:55.563+07:00 DEBUG 14056 --- [GamesStore] [    Test worker] s.w.s.m.m.a.RequestMappingHandlerMapping : 22 mappings in 'requestMappingHandlerMapping'
2024-12-08T20:48:55.628+07:00 DEBUG 14056 --- [GamesStore] [    Test worker] s.w.s.m.m.a.RequestMappingHandlerAdapter : ControllerAdvice beans: 0 @ModelAttribute, 0 @InitBinder, 1 RequestBodyAdvice, 1 ResponseBodyAdvice
2024-12-08T20:48:55.668+07:00 DEBUG 14056 --- [GamesStore] [    Test worker] .m.m.a.ExceptionHandlerExceptionResolver : ControllerAdvice beans: 1 @ExceptionHandler, 1 ResponseBodyAdvice
Loaded SMTP Host: smtp.gmail.com
2024-12-08T20:48:55.728+07:00 DEBUG 14056 --- [GamesStore] [    Test worker] swordEncoderAuthenticationManagerBuilder : No authenticationProviders and no parentAuthenticationManager defined. Returning null.
2024-12-08T20:48:55.991+07:00  INFO 14056 --- [GamesStore] [    Test worker] o.s.b.a.e.web.EndpointLinksResolver      : Exposing 1 endpoint beneath base path '/actuator'
2024-12-08T20:48:56.161+07:00 DEBUG 14056 --- [GamesStore] [    Test worker] o.s.s.web.DefaultSecurityFilterChain     : Will secure any request with filters: DisableEncodeUrlFilter, WebAsyncManagerIntegrationFilter, SecurityContextHolderFilter, HeaderWriterFilter, CorsFilter, LogoutFilter, OAuth2AuthorizationRequestRedirectFilter, OAuth2LoginAuthenticationFilter, RequestCacheAwareFilter, SecurityContextHolderAwareRequestFilter, AnonymousAuthenticationFilter, SessionManagementFilter, ExceptionTranslationFilter, AuthorizationFilter
2024-12-08T20:48:56.414+07:00  WARN 14056 --- [GamesStore] [    Test worker] JpaBaseConfiguration$JpaWebConfiguration : spring.jpa.open-in-view is enabled by default. Therefore, database queries may be performed during view rendering. Explicitly configure spring.jpa.open-in-view to disable this warning
2024-12-08T20:48:57.116+07:00  INFO 14056 --- [GamesStore] [    Test worker] c.v.o.g.GamesStoreApplicationTests       : Started GamesStoreApplicationTests in 7.093 seconds (process running for 8.252)
Hibernate: 
    select
        count(*) 
    from
        api_keys ak1_0 
    where
        ak1_0.id=?
]]></system-out>
  <system-err><![CDATA[WARNING: A Java agent has been loaded dynamically (C:\Users\Lisvi\.gradle\caches\modules-2\files-2.1\net.bytebuddy\byte-buddy-agent\1.14.19\154da3a65b4f4a909d3e5bdec55d1b2b4cbb6ce1\byte-buddy-agent-1.14.19.jar)
WARNING: If a serviceability tool is in use, please run with -XX:+EnableDynamicAgentLoading to hide this warning
WARNING: If a serviceability tool is not in use, please run with -Djdk.instrument.traceUsage for more information
WARNING: Dynamic loading of agents will be disallowed by default in a future release
]]></system-err>
</testsuite>
